2021-04-10 17:45:24 PM - root - DEBUG -logger模块2:  调试debug
2021-04-10 17:45:24 PM - root - INFO -logger模块2:  消息info
2021-04-10 17:45:24 PM - root - WARNING -logger模块2:  警告warn
2021-04-10 17:45:24 PM - root - ERROR -logger模块2:  错误error
2021-04-10 17:45:24 PM - root - CRITICAL -logger模块2:  严重critical
2021-04-10 20:32:43 PM - root - DEBUG -logger模块2:  调试debug
2021-04-10 20:32:43 PM - root - INFO -logger模块2:  消息info
2021-04-10 20:32:43 PM - root - WARNING -logger模块2:  警告warn
2021-04-10 20:32:43 PM - root - ERROR -logger模块2:  错误error
2021-04-10 20:32:43 PM - root - CRITICAL -logger模块2:  严重critical
2021-04-10 20:33:08 PM - root - DEBUG -logger模块2:  调试debug
2021-04-10 20:33:08 PM - root - INFO -logger模块2:  消息info
2021-04-10 20:33:08 PM - root - WARNING -logger模块2:  警告warn
2021-04-10 20:33:08 PM - root - ERROR -logger模块2:  错误error
2021-04-10 20:33:08 PM - root - CRITICAL -logger模块2:  严重critical
2021-04-10 20:33:13 PM - root - DEBUG -logger模块2:  调试debug
2021-04-10 20:33:13 PM - root - INFO -logger模块2:  消息info
2021-04-10 20:33:13 PM - root - WARNING -logger模块2:  警告warn
2021-04-10 20:33:13 PM - root - ERROR -logger模块2:  错误error
2021-04-10 20:33:13 PM - root - CRITICAL -logger模块2:  严重critical
2021-04-10 21:05:43 PM - root - DEBUG -logger模块2:  调试debug
2021-04-10 21:05:43 PM - root - INFO -logger模块2:  消息info
2021-04-10 21:05:43 PM - root - WARNING -logger模块2:  警告warn
2021-04-10 21:05:43 PM - root - ERROR -logger模块2:  错误error
2021-04-10 21:05:43 PM - root - CRITICAL -logger模块2:  严重critical
2021-04-11 11:52:18 AM - root - DEBUG -logger模块2:  调试debug
2021-04-11 11:52:18 AM - root - INFO -logger模块2:  消息info
2021-04-11 11:52:18 AM - root - WARNING -logger模块2:  警告warn
2021-04-11 11:52:18 AM - root - ERROR -logger模块2:  错误error
2021-04-11 11:52:18 AM - root - CRITICAL -logger模块2:  严重critical
2021-04-11 11:54:02 AM - logger模块2.py - DEBUG -logger模块2:  调试debug
2021-04-11 11:54:02 AM - logger模块2.py - INFO -logger模块2:  消息info
2021-04-11 11:54:02 AM - logger模块2.py - WARNING -logger模块2:  警告warn
2021-04-11 11:54:02 AM - logger模块2.py - ERROR -logger模块2:  错误error
2021-04-11 11:54:02 AM - logger模块2.py - CRITICAL -logger模块2:  严重critical
